<?xml version="1.0" encoding="UTF-8"?>
<testsuite name="com.example.api_gateway.ApiGatewayApplicationTests" tests="1" skipped="0" failures="0" errors="0" timestamp="2024-11-19T22:26:43" hostname="TELECO-PC01" time="0.501">
  <properties/>
  <testcase name="contextLoads()" classname="com.example.api_gateway.ApiGatewayApplicationTests" time="0.501"/>
  <system-out><![CDATA[17:26:37.977 [Test worker] INFO org.springframework.test.context.support.AnnotationConfigContextLoaderUtils -- Could not detect default configuration classes for test class [com.example.api_gateway.ApiGatewayApplicationTests]: ApiGatewayApplicationTests does not declare any static, non-private, non-final, nested classes annotated with @Configuration.
17:26:38.062 [Test worker] INFO org.springframework.boot.test.context.SpringBootTestContextBootstrapper -- Found @SpringBootConfiguration com.example.api_gateway.ApiGatewayApplication for test class com.example.api_gateway.ApiGatewayApplicationTests

  .   ____          _            __ _ _
 /\\ / ___'_ __ _ _(_)_ __  __ _ \ \ \ \
( ( )\___ | '_ | '_| | '_ \/ _` | \ \ \ \
 \\/  ___)| |_)| | | | | || (_| |  ) ) ) )
  '  |____| .__|_| |_|_| |_\__, | / / / /
 =========|_|==============|___/=/_/_/_/

 :: Spring Boot ::                (v3.3.4)

2024-11-19T17:26:39.466-05:00  INFO 18496 --- [api-gateway] [    Test worker] c.e.a.ApiGatewayApplicationTests         : Starting ApiGatewayApplicationTests using Java 17.0.10 with PID 18496 (started by Estudiante in C:\Users\Estudiante\Downloads\app\micro\Downloads\vuelos-main\api_gateway)
2024-11-19T17:26:39.466-05:00  INFO 18496 --- [api-gateway] [    Test worker] c.e.a.ApiGatewayApplicationTests         : No active profile set, falling back to 1 default profile: "default"
2024-11-19T17:26:40.080-05:00  INFO 18496 --- [api-gateway] [    Test worker] o.s.cloud.context.scope.GenericScope     : BeanFactory id=2d873c58-39c0-3bf3-9c2a-4e8ce211821f
2024-11-19T17:26:40.146-05:00  WARN 18496 --- [api-gateway] [    Test worker] trationDelegate$BeanPostProcessorChecker : Bean 'org.springframework.cloud.client.loadbalancer.LoadBalancerAutoConfiguration$DeferringLoadBalancerInterceptorConfig' of type [org.springframework.cloud.client.loadbalancer.LoadBalancerAutoConfiguration$DeferringLoadBalancerInterceptorConfig] is not eligible for getting processed by all BeanPostProcessors (for example: not eligible for auto-proxying). The currently created BeanPostProcessor [lbRestClientPostProcessor] is declared through a non-static factory method on that class; consider declaring it as static instead.
2024-11-19T17:26:40.146-05:00  WARN 18496 --- [api-gateway] [    Test worker] trationDelegate$BeanPostProcessorChecker : Bean 'deferringLoadBalancerInterceptor' of type [org.springframework.cloud.client.loadbalancer.DeferringLoadBalancerInterceptor] is not eligible for getting processed by all BeanPostProcessors (for example: not eligible for auto-proxying). Is this bean getting eagerly injected into a currently created BeanPostProcessor [lbRestClientPostProcessor]? Check the corresponding BeanPostProcessor declaration and its dependencies.
2024-11-19T17:26:41.805-05:00  INFO 18496 --- [api-gateway] [    Test worker] o.s.cloud.commons.util.InetUtils         : Cannot determine local hostname
2024-11-19T17:26:42.897-05:00  INFO 18496 --- [api-gateway] [    Test worker] o.s.cloud.commons.util.InetUtils         : Cannot determine local hostname
2024-11-19T17:26:42.897-05:00  INFO 18496 --- [api-gateway] [    Test worker] DiscoveryClientOptionalArgsConfiguration : Eureka HTTP Client uses RestTemplate.
2024-11-19T17:26:43.044-05:00  WARN 18496 --- [api-gateway] [    Test worker] iguration$LoadBalancerCaffeineWarnLogger : Spring Cloud LoadBalancer is currently working with the default cache. While this cache implementation is useful for development and tests, it's recommended to use Caffeine cache in production.You can switch to using Caffeine cache, by adding it and org.springframework.cache.caffeine.CaffeineCacheManager to the classpath.
2024-11-19T17:26:43.059-05:00  INFO 18496 --- [api-gateway] [    Test worker] o.s.c.n.eureka.InstanceInfoFactory       : Setting initial instance status as: STARTING
2024-11-19T17:26:43.090-05:00  INFO 18496 --- [api-gateway] [    Test worker] com.netflix.discovery.DiscoveryClient    : Initializing Eureka in region us-east-1
2024-11-19T17:26:43.106-05:00  INFO 18496 --- [api-gateway] [    Test worker] c.n.d.s.r.aws.ConfigClusterResolver      : Resolving eureka endpoints via configuration
2024-11-19T17:26:43.106-05:00  INFO 18496 --- [api-gateway] [    Test worker] com.netflix.discovery.DiscoveryClient    : Disable delta property : false
2024-11-19T17:26:43.106-05:00  INFO 18496 --- [api-gateway] [    Test worker] com.netflix.discovery.DiscoveryClient    : Single vip registry refresh property : null
2024-11-19T17:26:43.106-05:00  INFO 18496 --- [api-gateway] [    Test worker] com.netflix.discovery.DiscoveryClient    : Force full registry fetch : false
2024-11-19T17:26:43.106-05:00  INFO 18496 --- [api-gateway] [    Test worker] com.netflix.discovery.DiscoveryClient    : Application is null : false
2024-11-19T17:26:43.106-05:00  INFO 18496 --- [api-gateway] [    Test worker] com.netflix.discovery.DiscoveryClient    : Registered Applications size is zero : true
2024-11-19T17:26:43.106-05:00  INFO 18496 --- [api-gateway] [    Test worker] com.netflix.discovery.DiscoveryClient    : Application version is -1: true
2024-11-19T17:26:43.106-05:00  INFO 18496 --- [api-gateway] [    Test worker] com.netflix.discovery.DiscoveryClient    : Getting all instance registry info from the eureka server
2024-11-19T17:26:43.330-05:00  INFO 18496 --- [api-gateway] [    Test worker] com.netflix.discovery.DiscoveryClient    : The response status is 200
2024-11-19T17:26:43.330-05:00  INFO 18496 --- [api-gateway] [    Test worker] com.netflix.discovery.DiscoveryClient    : Starting heartbeat executor: renew interval is: 30
2024-11-19T17:26:43.330-05:00  INFO 18496 --- [api-gateway] [    Test worker] c.n.discovery.InstanceInfoReplicator     : InstanceInfoReplicator onDemand update allowed rate per min is 4
2024-11-19T17:26:43.330-05:00  INFO 18496 --- [api-gateway] [    Test worker] com.netflix.discovery.DiscoveryClient    : Discovery Client initialized at timestamp 1732055203330 with initial instances count: 1
2024-11-19T17:26:43.346-05:00  INFO 18496 --- [api-gateway] [    Test worker] o.s.c.n.e.s.EurekaServiceRegistry        : Registering application API-GATEWAY with eureka with status UP
2024-11-19T17:26:43.346-05:00  INFO 18496 --- [api-gateway] [    Test worker] com.netflix.discovery.DiscoveryClient    : Saw local status change event StatusChangeEvent [timestamp=1732055203346, current=UP, previous=STARTING]
2024-11-19T17:26:43.346-05:00  INFO 18496 --- [api-gateway] [foReplicator-%d] com.netflix.discovery.DiscoveryClient    : DiscoveryClient_API-GATEWAY/localhost:api-gateway:8080: registering service...
2024-11-19T17:26:43.362-05:00  INFO 18496 --- [api-gateway] [    Test worker] c.e.a.ApiGatewayApplicationTests         : Started ApiGatewayApplicationTests in 5.166 seconds (process running for 6.12)
2024-11-19T17:26:43.388-05:00  INFO 18496 --- [api-gateway] [foReplicator-%d] com.netflix.discovery.DiscoveryClient    : DiscoveryClient_API-GATEWAY/localhost:api-gateway:8080 - registration status: 204
]]></system-out>
  <system-err><![CDATA[]]></system-err>
</testsuite>
