<?xml version="1.0" encoding="UTF-8"?>
<testsuite name="com.example.microservicios_product.MicroserviciosProductApplicationTests" tests="1" skipped="0" failures="0" errors="0" timestamp="2024-09-27T23:02:24" hostname="TELECO-PC01" time="0.297">
  <properties/>
  <testcase name="contextLoads()" classname="com.example.microservicios_product.MicroserviciosProductApplicationTests" time="0.297"/>
  <system-out><![CDATA[18:02:11.484 [Test worker] INFO org.springframework.test.context.support.AnnotationConfigContextLoaderUtils -- Could not detect default configuration classes for test class [com.example.microservicios_product.MicroserviciosProductApplicationTests]: MicroserviciosProductApplicationTests does not declare any static, non-private, non-final, nested classes annotated with @Configuration.
18:02:11.594 [Test worker] INFO org.springframework.boot.test.context.SpringBootTestContextBootstrapper -- Found @SpringBootConfiguration com.example.microservicios_product.MicroserviciosProductApplication for test class com.example.microservicios_product.MicroserviciosProductApplicationTests

  .   ____          _            __ _ _
 /\\ / ___'_ __ _ _(_)_ __  __ _ \ \ \ \
( ( )\___ | '_ | '_| | '_ \/ _` | \ \ \ \
 \\/  ___)| |_)| | | | | || (_| |  ) ) ) )
  '  |____| .__|_| |_|_| |_\__, | / / / /
 =========|_|==============|___/=/_/_/_/

 :: Spring Boot ::                (v3.3.2)

2024-09-27T18:02:11.920-05:00  INFO 20688 --- [microservicios_product] [    Test worker] .m.MicroserviciosProductApplicationTests : Starting MicroserviciosProductApplicationTests using Java 17.0.10 with PID 20688 (started by Estudiante in C:\Users\Estudiante\Downloads\carrito\microservicios_products-master)
2024-09-27T18:02:11.921-05:00  INFO 20688 --- [microservicios_product] [    Test worker] .m.MicroserviciosProductApplicationTests : No active profile set, falling back to 1 default profile: "default"
2024-09-27T18:02:12.433-05:00  INFO 20688 --- [microservicios_product] [    Test worker] .s.d.r.c.RepositoryConfigurationDelegate : Bootstrapping Spring Data JPA repositories in DEFAULT mode.
2024-09-27T18:02:12.539-05:00  INFO 20688 --- [microservicios_product] [    Test worker] .s.d.r.c.RepositoryConfigurationDelegate : Finished Spring Data repository scanning in 99 ms. Found 1 JPA repository interface.
2024-09-27T18:02:12.715-05:00  INFO 20688 --- [microservicios_product] [    Test worker] o.s.cloud.context.scope.GenericScope     : BeanFactory id=50d30509-7562-3eb5-909b-8f36aa2140ea
2024-09-27T18:02:12.815-05:00  WARN 20688 --- [microservicios_product] [    Test worker] trationDelegate$BeanPostProcessorChecker : Bean 'org.springframework.cloud.client.loadbalancer.LoadBalancerAutoConfiguration$DeferringLoadBalancerInterceptorConfig' of type [org.springframework.cloud.client.loadbalancer.LoadBalancerAutoConfiguration$DeferringLoadBalancerInterceptorConfig] is not eligible for getting processed by all BeanPostProcessors (for example: not eligible for auto-proxying). The currently created BeanPostProcessor [lbRestClientPostProcessor] is declared through a non-static factory method on that class; consider declaring it as static instead.
2024-09-27T18:02:12.817-05:00  WARN 20688 --- [microservicios_product] [    Test worker] trationDelegate$BeanPostProcessorChecker : Bean 'deferringLoadBalancerInterceptor' of type [org.springframework.cloud.client.loadbalancer.DeferringLoadBalancerInterceptor] is not eligible for getting processed by all BeanPostProcessors (for example: not eligible for auto-proxying). Is this bean getting eagerly injected into a currently created BeanPostProcessor [lbRestClientPostProcessor]? Check the corresponding BeanPostProcessor declaration and its dependencies.
2024-09-27T18:02:12.870-05:00  INFO 20688 --- [microservicios_product] [    Test worker] org.testcontainers.images.PullPolicy     : Image pull policy will be performed by: DefaultPullPolicy()
2024-09-27T18:02:12.873-05:00  INFO 20688 --- [microservicios_product] [    Test worker] o.t.utility.ImageNameSubstitutor         : Image name substitution will be performed by: DefaultImageNameSubstitutor (composite of 'ConfigurationFileImageNameSubstitutor' and 'PrefixingImageNameSubstitutor')
2024-09-27T18:02:13.006-05:00  INFO 20688 --- [microservicios_product] [    Test worker] o.t.d.DockerClientProviderStrategy       : Loaded org.testcontainers.dockerclient.NpipeSocketClientProviderStrategy from ~/.testcontainers.properties, will try it first
2024-09-27T18:02:13.215-05:00  INFO 20688 --- [microservicios_product] [    Test worker] o.t.d.DockerClientProviderStrategy       : Found Docker environment with local Npipe socket (npipe:////./pipe/docker_engine)
2024-09-27T18:02:13.216-05:00  INFO 20688 --- [microservicios_product] [    Test worker] org.testcontainers.DockerClientFactory   : Docker host IP address is localhost
2024-09-27T18:02:13.231-05:00  INFO 20688 --- [microservicios_product] [    Test worker] org.testcontainers.DockerClientFactory   : Connected to docker: 
  Server Version: 24.0.7
  API Version: 1.43
  Operating System: Docker Desktop
  Total Memory: 7778 MB
2024-09-27T18:02:13.249-05:00  INFO 20688 --- [microservicios_product] [    Test worker] tc.testcontainers/ryuk:0.7.0             : Creating container for image: testcontainers/ryuk:0.7.0
2024-09-27T18:02:13.458-05:00  INFO 20688 --- [microservicios_product] [    Test worker] o.t.utility.RegistryAuthLocator          : Credential helper/store (docker-credential-desktop) does not have credentials for https://index.docker.io/v1/
2024-09-27T18:02:13.537-05:00  INFO 20688 --- [microservicios_product] [    Test worker] tc.testcontainers/ryuk:0.7.0             : Container testcontainers/ryuk:0.7.0 is starting: a6783c4fc08318346a95ae0119e4eca01c9c06cd4e2185a222dfab36121d0524
2024-09-27T18:02:13.874-05:00  INFO 20688 --- [microservicios_product] [    Test worker] tc.testcontainers/ryuk:0.7.0             : Container testcontainers/ryuk:0.7.0 started in PT0.6247637S
2024-09-27T18:02:13.878-05:00  INFO 20688 --- [microservicios_product] [    Test worker] o.t.utility.RyukResourceReaper           : Ryuk started - will monitor and terminate Testcontainers containers on JVM exit
2024-09-27T18:02:13.878-05:00  INFO 20688 --- [microservicios_product] [    Test worker] org.testcontainers.DockerClientFactory   : Checking the system...
2024-09-27T18:02:13.879-05:00  INFO 20688 --- [microservicios_product] [    Test worker] org.testcontainers.DockerClientFactory   : ✔︎ Docker server version should be at least 1.6.0
2024-09-27T18:02:13.881-05:00  INFO 20688 --- [microservicios_product] [    Test worker] tc.mysql:latest                          : Creating container for image: mysql:latest
2024-09-27T18:02:13.945-05:00  INFO 20688 --- [microservicios_product] [    Test worker] tc.mysql:latest                          : Container mysql:latest is starting: eebb198f7d0b6024f123680a638c309611d2e7f998f4bae7ac2e60f161c742b1
2024-09-27T18:02:14.225-05:00  INFO 20688 --- [microservicios_product] [    Test worker] tc.mysql:latest                          : Waiting for database connection to become available at jdbc:mysql://localhost:54963/test using query 'SELECT 1'
2024-09-27T18:02:22.260-05:00  INFO 20688 --- [microservicios_product] [    Test worker] tc.mysql:latest                          : Container mysql:latest started in PT8.3794444S
2024-09-27T18:02:22.260-05:00  INFO 20688 --- [microservicios_product] [    Test worker] tc.mysql:latest                          : Container is started (JDBC URL: jdbc:mysql://localhost:54963/test)
2024-09-27T18:02:22.465-05:00  INFO 20688 --- [microservicios_product] [    Test worker] com.zaxxer.hikari.HikariDataSource       : HikariPool-1 - Starting...
2024-09-27T18:02:22.596-05:00  INFO 20688 --- [microservicios_product] [    Test worker] com.zaxxer.hikari.pool.HikariPool        : HikariPool-1 - Added connection com.mysql.cj.jdbc.ConnectionImpl@6c8ad6d7
2024-09-27T18:02:22.597-05:00  INFO 20688 --- [microservicios_product] [    Test worker] com.zaxxer.hikari.HikariDataSource       : HikariPool-1 - Start completed.
2024-09-27T18:02:22.633-05:00  INFO 20688 --- [microservicios_product] [    Test worker] o.hibernate.jpa.internal.util.LogHelper  : HHH000204: Processing PersistenceUnitInfo [name: default]
2024-09-27T18:02:22.693-05:00  INFO 20688 --- [microservicios_product] [    Test worker] org.hibernate.Version                    : HHH000412: Hibernate ORM core version 6.5.2.Final
2024-09-27T18:02:22.745-05:00  INFO 20688 --- [microservicios_product] [    Test worker] o.h.c.internal.RegionFactoryInitiator    : HHH000026: Second-level cache disabled
2024-09-27T18:02:22.980-05:00  INFO 20688 --- [microservicios_product] [    Test worker] o.s.o.j.p.SpringPersistenceUnitInfo      : No LoadTimeWeaver setup: ignoring JPA class transformer
2024-09-27T18:02:23.582-05:00  INFO 20688 --- [microservicios_product] [    Test worker] o.h.e.t.j.p.i.JtaPlatformInitiator       : HHH000489: No JTA platform available (set 'hibernate.transaction.jta.platform' to enable JTA platform integration)
2024-09-27T18:02:23.585-05:00  INFO 20688 --- [microservicios_product] [    Test worker] j.LocalContainerEntityManagerFactoryBean : Initialized JPA EntityManagerFactory for persistence unit 'default'
2024-09-27T18:02:23.951-05:00  WARN 20688 --- [microservicios_product] [    Test worker] JpaBaseConfiguration$JpaWebConfiguration : spring.jpa.open-in-view is enabled by default. Therefore, database queries may be performed during view rendering. Explicitly configure spring.jpa.open-in-view to disable this warning
2024-09-27T18:02:24.498-05:00  INFO 20688 --- [microservicios_product] [    Test worker] DiscoveryClientOptionalArgsConfiguration : Eureka HTTP Client uses RestTemplate.
2024-09-27T18:02:24.531-05:00  WARN 20688 --- [microservicios_product] [    Test worker] iguration$LoadBalancerCaffeineWarnLogger : Spring Cloud LoadBalancer is currently working with the default cache. While this cache implementation is useful for development and tests, it's recommended to use Caffeine cache in production.You can switch to using Caffeine cache, by adding it and org.springframework.cache.caffeine.CaffeineCacheManager to the classpath.
2024-09-27T18:02:24.557-05:00  INFO 20688 --- [microservicios_product] [    Test worker] o.s.c.n.eureka.InstanceInfoFactory       : Setting initial instance status as: STARTING
2024-09-27T18:02:24.577-05:00  INFO 20688 --- [microservicios_product] [    Test worker] com.netflix.discovery.DiscoveryClient    : Initializing Eureka in region us-east-1
2024-09-27T18:02:24.580-05:00  INFO 20688 --- [microservicios_product] [    Test worker] c.n.d.s.r.aws.ConfigClusterResolver      : Resolving eureka endpoints via configuration
2024-09-27T18:02:24.585-05:00  INFO 20688 --- [microservicios_product] [    Test worker] com.netflix.discovery.DiscoveryClient    : Disable delta property : false
2024-09-27T18:02:24.586-05:00  INFO 20688 --- [microservicios_product] [    Test worker] com.netflix.discovery.DiscoveryClient    : Single vip registry refresh property : null
2024-09-27T18:02:24.586-05:00  INFO 20688 --- [microservicios_product] [    Test worker] com.netflix.discovery.DiscoveryClient    : Force full registry fetch : false
2024-09-27T18:02:24.586-05:00  INFO 20688 --- [microservicios_product] [    Test worker] com.netflix.discovery.DiscoveryClient    : Application is null : false
2024-09-27T18:02:24.586-05:00  INFO 20688 --- [microservicios_product] [    Test worker] com.netflix.discovery.DiscoveryClient    : Registered Applications size is zero : true
2024-09-27T18:02:24.586-05:00  INFO 20688 --- [microservicios_product] [    Test worker] com.netflix.discovery.DiscoveryClient    : Application version is -1: true
2024-09-27T18:02:24.586-05:00  INFO 20688 --- [microservicios_product] [    Test worker] com.netflix.discovery.DiscoveryClient    : Getting all instance registry info from the eureka server
2024-09-27T18:02:24.877-05:00  INFO 20688 --- [microservicios_product] [    Test worker] com.netflix.discovery.DiscoveryClient    : The response status is 200
2024-09-27T18:02:24.878-05:00  INFO 20688 --- [microservicios_product] [    Test worker] com.netflix.discovery.DiscoveryClient    : Starting heartbeat executor: renew interval is: 30
2024-09-27T18:02:24.880-05:00  INFO 20688 --- [microservicios_product] [    Test worker] c.n.discovery.InstanceInfoReplicator     : InstanceInfoReplicator onDemand update allowed rate per min is 4
2024-09-27T18:02:24.881-05:00  INFO 20688 --- [microservicios_product] [    Test worker] com.netflix.discovery.DiscoveryClient    : Discovery Client initialized at timestamp 1727478144880 with initial instances count: 0
2024-09-27T18:02:24.883-05:00  INFO 20688 --- [microservicios_product] [    Test worker] o.s.c.n.e.s.EurekaServiceRegistry        : Registering application MICROSERVICIOS_PRODUCT with eureka with status UP
2024-09-27T18:02:24.883-05:00  INFO 20688 --- [microservicios_product] [    Test worker] com.netflix.discovery.DiscoveryClient    : Saw local status change event StatusChangeEvent [timestamp=1727478144883, current=UP, previous=STARTING]
2024-09-27T18:02:24.885-05:00  INFO 20688 --- [microservicios_product] [foReplicator-%d] com.netflix.discovery.DiscoveryClient    : DiscoveryClient_MICROSERVICIOS_PRODUCT/TELECO-PC01:microservicios_product:8083: registering service...
2024-09-27T18:02:24.903-05:00  INFO 20688 --- [microservicios_product] [    Test worker] .m.MicroserviciosProductApplicationTests : Started MicroserviciosProductApplicationTests in 13.203 seconds (process running for 14.116)
2024-09-27T18:02:24.966-05:00  INFO 20688 --- [microservicios_product] [foReplicator-%d] com.netflix.discovery.DiscoveryClient    : DiscoveryClient_MICROSERVICIOS_PRODUCT/TELECO-PC01:microservicios_product:8083 - registration status: 204
]]></system-out>
  <system-err><![CDATA[]]></system-err>
</testsuite>
